In file included from ../../../../../../taller4/string_map_tests.cpp:2:0:
./string_map.hpp: In instantiation of ‘string_map<T>::string_map() [with T = int]’:
../../../../../../taller4/string_map_tests.cpp:5:21:   required from here
./string_map.h:93:9: warning: ‘string_map<int>::_size’ will be initialized after [-Wreorder]
     int _size;
         ^~~~~
./string_map.h:92:11: warning:   ‘string_map<int>::Nodo* string_map<int>::raiz’ [-Wreorder]
     Nodo* raiz;
           ^~~~
In file included from ./string_map.h:97:0,
                 from ../../../../../../taller4/string_map_tests.cpp:2:
./string_map.hpp:5:1: warning:   when initialized here [-Wreorder]
 string_map<T>::string_map() : _size(0), raiz(nullptr) {
 ^~~~~~~~~~~~~
In file included from ./string_map.h:97:0,
                 from ../../../../../../taller4/string_map_tests.cpp:2:
./string_map.hpp: In instantiation of ‘void string_map<T>::insert(const std::pair<std::__cxx11::basic_string<char>, T>&) [with T = int]’:
../../../../../../taller4/string_map_tests.cpp:13:42:   required from here
./string_map.hpp:149:14: warning: comparison between signed and unsigned integer expressions [-Wsign-compare]
     while (i < clave.size()) {
            ~~^~~~~~~~~~~~~~
In file included from ../../../../../../taller4/string_map_tests.cpp:2:0:
./string_map.hpp: In instantiation of ‘string_map<T>::string_map() [with T = string_map<int>]’:
../../../../../../taller4/string_map_tests.cpp:141:33:   required from here
./string_map.h:93:9: warning: ‘string_map<string_map<int> >::_size’ will be initialized after [-Wreorder]
     int _size;
         ^~~~~
./string_map.h:92:11: warning:   ‘string_map<string_map<int> >::Nodo* string_map<string_map<int> >::raiz’ [-Wreorder]
     Nodo* raiz;
           ^~~~
In file included from ./string_map.h:97:0,
                 from ../../../../../../taller4/string_map_tests.cpp:2:
./string_map.hpp:5:1: warning:   when initialized here [-Wreorder]
 string_map<T>::string_map() : _size(0), raiz(nullptr) {
 ^~~~~~~~~~~~~
In file included from ./string_map.h:97:0,
                 from ../../../../../../taller4/string_map_tests.cpp:2:
./string_map.hpp: In instantiation of ‘void string_map<T>::insert(const std::pair<std::__cxx11::basic_string<char>, T>&) [with T = string_map<int>]’:
../../../../../../taller4/string_map_tests.cpp:153:48:   required from here
./string_map.hpp:149:14: warning: comparison between signed and unsigned integer expressions [-Wsign-compare]
     while (i < clave.size()) {
            ~~^~~~~~~~~~~~~~
./string_map.hpp: In instantiation of ‘void string_map<T>::erase(const string&) [with T = int; std::__cxx11::string = std::__cxx11::basic_string<char>]’:
../../../../../../taller4/string_map_tests.cpp:178:27:   required from here
./string_map.hpp:116:23: warning: comparison between signed and unsigned integer expressions [-Wsign-compare]
     for (int j = 0; j < _claves.size(); ++j) {
                     ~~^~~~~~~~~~~~~~~~
./string_map.hpp: In instantiation of ‘string_map<T>& string_map<T>::operator=(const string_map<T>&) [with T = int]’:
./string_map.hpp:9:80:   required from ‘string_map<T>::string_map(const string_map<T>&) [with T = int]’
../../../../../../taller4/string_map_tests.cpp:98:39:   required from here
./string_map.hpp:20:1: warning: no return statement in function returning non-void [-Wreturn-type]
 }
 ^
./string_map.hpp: In instantiation of ‘void string_map<T>::erase(const string&) [with T = string_map<int>; std::__cxx11::string = std::__cxx11::basic_string<char>]’:
./string_map.hpp:26:14:   required from ‘string_map<T>::~string_map() [with T = string_map<int>]’
../../../../../../taller4/string_map_tests.cpp:141:33:   required from here
./string_map.hpp:116:23: warning: comparison between signed and unsigned integer expressions [-Wsign-compare]
     for (int j = 0; j < _claves.size(); ++j) {
                     ~~^~~~~~~~~~~~~~~~
./string_map.hpp: In member function ‘T& string_map<T>::at(const string&) [with T = int]’:
./string_map.hpp:87:1: warning: control reaches end of non-void function [-Wreturn-type]
 }
 ^
./string_map.hpp: In member function ‘const T& string_map<T>::at(const string&) const [with T = int]’:
./string_map.hpp:73:1: warning: control reaches end of non-void function [-Wreturn-type]
 }
 ^
./string_map.hpp: In member function ‘T& string_map<T>::at(const string&) [with T = string_map<int>]’:
./string_map.hpp:87:1: warning: control reaches end of non-void function [-Wreturn-type]
 }
 ^
