[==========] Running 10 tests from 1 test case.
[----------] Global test environment set-up.
[----------] 10 tests from string_map_test
[ RUN      ] string_map_test.vacio
[       OK ] string_map_test.vacio (12 ms)
[ RUN      ] string_map_test.asignar
[       OK ] string_map_test.asignar (24 ms)
[ RUN      ] string_map_test.obtener
[       OK ] string_map_test.obtener (12 ms)
[ RUN      ] string_map_test.redefinir
[       OK ] string_map_test.redefinir (5 ms)
[ RUN      ] string_map_test.count
[       OK ] string_map_test.count (14 ms)
[ RUN      ] string_map_test.copiar
[       OK ] string_map_test.copiar (21 ms)
[ RUN      ] string_map_test.no_aliasing
[       OK ] string_map_test.no_aliasing (3 ms)
[ RUN      ] string_map_test.TrieDeTries
[       OK ] string_map_test.TrieDeTries (46 ms)
[ RUN      ] string_map_test.eraseUnicaClave
[       OK ] string_map_test.eraseUnicaClave (2 ms)
[ RUN      ] string_map_test.erase
[       OK ] string_map_test.erase (11 ms)
[----------] 10 tests from string_map_test (159 ms total)

[----------] Global test environment tear-down
[==========] 10 tests from 1 test case ran. (193 ms total)
[  PASSED  ] 10 tests.
