In file included from ./Lista.h:100:0,
                 from ../../../../../../taller2/lista_tests.cpp:2:
./Lista.hpp: In member function ‘void Lista::eliminar(Nat)’:
./Lista.hpp:66:11: warning: comparison between signed and unsigned integer expressions [-Wsign-compare]
     if (i < _longitud) {
         ~~^~~~~~~~~~~
./Lista.hpp:72:17: warning: comparison between signed and unsigned integer expressions [-Wsign-compare]
         while(j < i){                                                               //recorre la lista
               ~~^~~
./Lista.hpp: In member function ‘const int& Lista::iesimo(Nat) const’:
./Lista.hpp:97:11: warning: comparison between signed and unsigned integer expressions [-Wsign-compare]
     if (i < _longitud) {
         ~~^~~~~~~~~~~
./Lista.hpp:100:18: warning: comparison between signed and unsigned integer expressions [-Wsign-compare]
         while (j < i){
                ~~^~~
./Lista.hpp: In member function ‘int& Lista::iesimo(Nat)’:
./Lista.hpp:109:11: warning: comparison between signed and unsigned integer expressions [-Wsign-compare]
     if (i < _longitud) {
         ~~^~~~~~~~~~~
./Lista.hpp:112:18: warning: comparison between signed and unsigned integer expressions [-Wsign-compare]
         while (j < i){
                ~~^~~
./Lista.hpp: In member function ‘const int& Lista::iesimo(Nat) const’:
./Lista.hpp:106:1: warning: control reaches end of non-void function [-Wreturn-type]
 }
 ^
./Lista.hpp: In member function ‘int& Lista::iesimo(Nat)’:
./Lista.hpp:118:1: warning: control reaches end of non-void function [-Wreturn-type]
 }
 ^
